score:17426. best tile:2048heuristics:h1(64), h8(64), h10(64), h12(64), h13(64), h20(64), 
score:32676. best tile:4096heuristics:h1(64), h8(64), h10(32), h20(64), h12(64), h13(64), 
score:32081. best tile:2048heuristics:h1(32), h8(64), h10(32), h20(64), h12(64), h13(64), 
score:19806. best tile:2048heuristics:h1(32), h5(32), h8(32), h10(32), h11(32), h12(32), h13(32), h19(32), h20(32), 
score:23692. best tile:2048heuristics:h10(32), h11(32), h12(16), h5(32), h20(32), h13(32), h19(32), h8(32), h1(32), 
score:22292. best tile:2048heuristics:h10(32), h11(32), h12(16), h5(32), h20(32), h13(32), h19(32), h8(16), h1(32), 
score:22441. best tile:2048heuristics:h10(32), h11(32), h12(16), h5(16), h20(32), h13(32), h19(32), h8(16), h1(32), 
score:27949. best tile:4096heuristics:h10(32), h11(32), h12(16), h5(8), h20(32), h13(32), h19(32), h8(16), h1(32), 
score:28072. best tile:4096heuristics:h10(16), h11(32), h12(16), h5(8), h20(32), h13(32), h19(32), h8(16), h1(32), 
score:34412. best tile:4096heuristics:h10(16), h11(32), h12(8), h5(8), h20(32), h13(32), h19(32), h8(16), h1(32), 


 found a solution!score:21319. best tile:2048heuristics:h1(64), h8(64), h10(64), h12(64), h13(64), h20(64), 
score:33200. best tile:4096heuristics:h1(64), h8(64), h10(64), h20(32), h12(64), h13(64), 
score:36404. best tile:4096heuristics:h1(32), h8(64), h10(64), h13(64), h12(64), h20(32), 
score:31011. best tile:2048heuristics:h1(32), h8(64), h10(32), h20(32), h12(64), h13(64), 
score:32279. best tile:4096heuristics:h1(32), h8(64), h10(16), h13(64), h12(64), h20(32), 
score:32959. best tile:2048heuristics:h1(32), h8(64), h10(16), h20(32), h12(32), h13(64), 
score:37824. best tile:4096heuristics:h1(32), h8(64), h10(16), h13(64), h12(32), h20(16), 


 found a solution!score: 37824. best tile: 4096heuristics:h1(32), h8(64), h10(16), h13(64), h12(32), h20(16), 
score:25534. best tile:2048heuristics:h1(64), h8(64), h10(64), h12(64), h13(64), h20(64), 
score:27898. best tile:2048heuristics:h1(64), h8(64), h10(64), h12(64), h13(64), h20(64), 
score:8845. best tile:1024heuristics:h1(128), h19(128), 
score:10945. best tile:1024heuristics:h1(64), h19(128), 
score:12926. best tile:2048heuristics:h1(32), h5(32), h8(32), h10(32), h11(32), h12(32), h13(32), h20(32), 
score:13954. best tile:2048heuristics:h1(32), h5(32), h8(32), h10(32), h11(32), h12(32), h13(32), h18(32), h19(32), h20(32), 
score:25637. best tile:4096heuristics:h1(64), h8(64), h10(64), h12(64), h13(64), h20(64), 
score:11204. best tile:1024heuristics:h1(64), h19(64), 
score:14912. best tile:2048heuristics:h13(32), h1(32), h20(32), h8(32), h5(32), h18(32), h10(32), h11(32), h19(32), h12(32), 
score:15253. best tile:2048heuristics:h1(64), h19(32), 
score:11214. best tile:1024heuristics:h1(8), h2(8), h3(8), h4(8), h5(8), h6(8), h7(8), h8(8), h9(8), h10(8), h11(8), h12(8), h13(8), h14(8), h15(8), h18(8), h19(8), h20(8), h21(8), h22(8), 
score:10329. best tile:1024heuristics:h1(128), h19(64), 
score:9841. best tile:1024heuristics:h1(128), h19(32), 
score:8853. best tile:1024heuristics:h1(32), h19(32), 
score:20558. best tile:2048heuristics:h13(32), h1(16), h20(32), h8(32), h12(32), h10(32), h11(32), h5(32), 
score:11105. best tile:2048heuristics:h1(32), h19(16), 
score:29557. best tile:4096heuristics:h13(64), h1(64), h20(64), h8(32), h10(64), h12(64), 
score:18294. best tile:2048heuristics:h13(32), h1(16), h20(32), h8(32), h5(32), h10(32), h11(16), h12(32), 
score:20114. best tile:2048heuristics:h13(32), h1(16), h20(32), h8(32), h12(16), h10(32), h11(16), h5(32), 
score:17376. best tile:2048heuristics:h13(16), h1(32), h20(32), h8(32), h12(32), h18(32), h10(32), h11(32), h19(32), h5(32), 
score:28117. best tile:2048heuristics:h13(64), h1(64), h20(32), h8(64), h10(64), h12(64), 
score:15647. best tile:2048heuristics:h13(32), h1(32), h20(32), h8(32), h12(16), h11(32), h10(32), h18(32), h19(32), h5(32), 
score:18844. best tile:2048heuristics:h13(32), h1(16), h20(32), h8(32), h5(32), h10(32), h11(8), h12(16), 
score:20780. best tile:2048heuristics:h13(32), h1(16), h20(32), h8(32), h12(8), h10(32), h11(8), h5(32), 
score:27880. best tile:2048heuristics:h13(64), h1(64), h20(64), h8(16), h10(64), h12(64), 
score:18020. best tile:2048heuristics:h13(32), h1(16), h20(32), h8(32), h5(16), h10(32), h11(8), h12(8), 
score:20642. best tile:2048heuristics:h13(16), h1(32), h20(32), h8(16), h5(32), h11(32), h10(32), h18(32), h19(32), h12(32), 
score:24864. best tile:2048heuristics:h13(32), h1(16), h20(32), h8(32), h12(8), h10(32), h11(8), h5(8), 
score:34083. best tile:4096heuristics:h13(64), h1(64), h20(64), h8(16), h10(32), h12(64), 
score:18753. best tile:2048heuristics:h13(32), h1(32), h20(32), h8(32), h5(32), h18(16), h10(32), h11(32), h19(32), h12(16), 
score:29250. best tile:2048heuristics:h13(16), h1(16), h20(32), h8(32), h5(8), h10(32), h11(8), h12(8), 
score:25065. best tile:2048heuristics:h13(16), h1(16), h20(32), h8(32), h12(8), h10(32), h11(8), h5(4), 
score:26424. best tile:4096heuristics:h13(16), h1(32), h20(32), h8(16), h12(16), h18(32), h10(32), h11(32), h19(32), h5(32), 
score:37918. best tile:8192heuristics:h13(64), h1(64), h20(32), h8(16), h10(32), h12(64), 


 found a solution!score: 37918. best tile: 8192heuristics:h13(64), h1(64), h20(32), h8(16), h10(32), h12(64), 
score:31948. best tile:4096heuristics:h13(16), h1(16), h20(32), h8(32), h5(4), h10(32), h11(4), h12(8), 
score:18420. best tile:2048heuristics:h13(8), h6(8), h8(8), h14(8), h7(8), h20(8), h15(8), h1(4), h9(8), h2(8), h18(8), h3(8), h10(8), h11(8), h4(8), h22(8), h19(8), h5(8), h12(8), h21(8), 
score:21544. best tile:2048heuristics:h13(32), h1(16), h20(32), h8(32), h12(16), h11(32), h10(32), h18(16), h19(32), h5(32), 
score:20826. best tile:2048heuristics:h13(16), h1(32), h20(32), h8(16), h12(32), h18(32), h10(32), h11(32), h19(32), h5(16), 
score:31543. best tile:4096heuristics:h13(16), h1(16), h20(32), h8(32), h12(4), h10(32), h11(4), h5(4), 
score:31517. best tile:4096heuristics:h13(16), h1(16), h20(32), h8(32), h12(8), h10(32), h11(4), h5(2), 
score:22101. best tile:4096heuristics:h13(32), h1(8), h20(32), h8(32), h5(32), h18(16), h10(32), h11(32), h19(32), h12(16), 
score:21021. best tile:2048heuristics:h13(16), h1(16), h20(32), h8(16), h5(16), h11(32), h10(32), h18(32), h19(32), h12(32), 
score:28614. best tile:4096heuristics:h13(16), h1(16), h20(32), h8(32), h10(32), h11(4), h12(8), 
score:20297. best tile:4096heuristics:h13(16), h1(16), h20(32), h8(16), h12(16), h18(32), h10(32), h11(32), h19(32), h5(16), 
score:21216. best tile:2048heuristics:h13(32), h1(8), h20(16), h8(32), h12(16), h11(32), h10(32), h18(16), h19(32), h5(32), 
score:30114. best tile:4096heuristics:h13(16), h1(8), h20(32), h8(32), h10(32), h11(4), h12(8), 
score:17748. best tile:2048heuristics:h13(8), h6(8), h8(8), h14(8), h7(8), h20(8), h15(8), h1(8), h9(8), h2(8), h18(8), h3(8), h10(8), h11(8), h4(4), h22(8), h19(8), h5(8), h12(8), h21(8), 
score:20736. best tile:2048heuristics:h13(32), h1(4), h20(32), h8(32), h12(16), h11(32), h10(32), h18(16), h19(32), h5(32), 
score:17450. best tile:2048heuristics:h13(16), h1(32), h20(32), h8(16), h5(16), h11(32), h10(32), h18(16), h19(32), h12(32), 
score:28062. best tile:2048heuristics:h13(8), h1(8), h20(32), h8(32), h10(32), h11(4), h12(8), 
score:28061. best tile:2048heuristics:h13(16), h1(16), h20(16), h8(32), h5(2), h10(32), h11(4), h12(8), 
score:19803. best tile:2048heuristics:h13(16), h1(32), h20(32), h8(16), h12(32), h18(16), h10(32), h11(32), h19(16), h5(16), 
score:24364. best tile:4096heuristics:h13(32), h1(4), h20(32), h8(32), h5(16), h18(16), h10(32), h11(32), h19(32), h12(16), 
score:34217. best tile:4096heuristics:h13(16), h1(16), h20(16), h8(32), h12(8), h10(32), h11(4), 
score:19364. best tile:2048heuristics:h13(16), h1(32), h20(32), h8(16), h12(32), h18(16), h10(32), h11(32), h19(32), h5(8), 
score:22602. best tile:2048heuristics:h13(16), h1(4), h20(32), h8(32), h5(32), h18(16), h10(32), h11(32), h19(32), h12(16), 
score:30383. best tile:4096heuristics:h13(16), h1(16), h20(16), h8(32), h10(16), h11(4), h12(8), 
score:15651. best tile:1024heuristics:h13(8), h6(8), h8(8), h14(8), h7(8), h20(8), h15(8), h1(8), h9(8), h2(8), h18(8), h3(8), h10(4), h11(8), h4(8), h22(8), h19(8), h5(8), h12(8), h21(8), 
score:26884. best tile:4096heuristics:h13(16), h1(16), h20(32), h8(16), h5(2), h10(32), h11(4), h12(8), 
score:20856. best tile:2048heuristics:h13(32), h1(2), h20(32), h8(32), h5(32), h18(16), h10(32), h11(32), h19(32), h12(16), 
score:20700. best tile:2048heuristics:h13(16), h1(32), h20(32), h8(16), h5(8), h11(32), h10(32), h18(16), h19(32), h12(16), 
score:30437. best tile:4096heuristics:h13(16), h1(16), h20(32), h8(16), h12(4), h10(32), h11(4), h5(2), 
score:23368. best tile:2048heuristics:h13(16), h1(2), h20(32), h8(32), h12(16), h11(32), h10(32), h18(16), h19(32), h5(32), 
score:23316. best tile:2048heuristics:h13(16), h1(32), h20(32), h8(16), h12(8), h18(16), h10(32), h11(32), h19(32), h5(8), 
score:31460. best tile:4096heuristics:h13(16), h1(8), h20(32), h8(16), h5(2), h10(32), h11(4), h12(4), 
score:15571. best tile:2048heuristics:h13(8), h6(8), h1(8), h14(8), h7(8), h20(8), h15(8), h8(8), h5(8), h9(8), h2(8), h11(8), h3(8), h4(4), h18(8), h10(8), h19(8), h22(8), h12(8), h21(4), 
score:21125. best tile:4096heuristics:h13(32), h1(2), h20(32), h8(32), h12(16), h11(32), h10(32), h18(16), h19(16), h5(32), 
score:24796. best tile:2048heuristics:h13(16), h1(32), h20(32), h8(16), h5(8), h11(32), h10(16), h18(16), h19(32), h12(8), 
score:28606. best tile:4096heuristics:h13(16), h1(16), h20(16), h8(16), h12(8), h10(32), h11(4), h5(2), 
score:20504. best tile:2048heuristics:h13(32), h1(8), h20(32), h8(32), h12(16), h11(32), h10(16), h18(16), h19(32), h5(32), 
score:31141. best tile:4096heuristics:h13(16), h1(16), h20(16), h8(16), h5(2), h10(16), h11(4), h12(8), 
score:25840. best tile:2048heuristics:h13(16), h1(32), h20(32), h8(16), h12(4), h18(16), h10(16), h11(32), h19(32), h5(8), 
score:20141. best tile:2048heuristics:h13(32), h1(4), h20(32), h8(32), h12(8), h11(32), h10(32), h18(16), h19(32), h5(16), 
score:30661. best tile:2048heuristics:h13(16), h1(16), h20(8), h8(16), h5(2), h10(32), h11(4), h12(8), 
score:21862. best tile:2048heuristics:h1(64), h8(16), h12(64), h13(64), h18(15), h20(32), 
score:27738. best tile:4096heuristics:h13(16), h1(16), h20(32), h8(16), h12(8), h10(32), h11(4), 
score:22177. best tile:2048heuristics:h1(64), h8(16), h12(64), h13(64), h18(15), h20(32), 
score:28744. best tile:4096heuristics:h13(8), h1(16), h20(32), h8(16), h10(32), h11(4), h12(8), 
score:31621. best tile:4096heuristics:h18(5), h12(64), h13(64), h8(16), h1(64), h20(32), 
score:27773. best tile:4096heuristics:h13(16), h1(16), h20(32), h8(8), h10(32), h11(4), h12(8), 
score:30698. best tile:4096heuristics:h13(16), h1(16), h20(32), h8(4), h10(32), h11(4), h12(8), 
score:36575. best tile:4096heuristics:h18(5), h12(64), h13(64), h8(16), h1(64), h20(42), 
score:28641. best tile:4096heuristics:h13(8), h1(16), h20(32), h8(4), h10(32), h11(4), h12(8), 
score:27089. best tile:4096heuristics:h13(16), h1(16), h20(8), h8(8), h12(8), h10(32), h11(4), h5(2), 
score:37572. best tile:4096heuristics:h12(64), h13(64), h8(16), h1(64), h20(42), 
score:27236. best tile:4096heuristics:h13(8), h1(16), h20(8), h8(8), h5(2), h10(32), h11(4), h12(8), 
score:41057. best tile:4096heuristics:h12(64), h13(64), h8(26), h1(64), h20(42), 


 found a solution!score: 41057. best tile: 4096heuristics:h12(64), h13(64), h8(26), h1(64), h20(42), 
score:26805. best tile:2048heuristics:h13(16), h1(16), h20(32), h8(32), h5(4), h10(32), h11(8), h12(4), 
score:40909. best tile:4096heuristics:h1(64), h8(26), h12(64), h13(64), h20(42), 
